<assemblies timestamp="12/03/2021 19:46:46">
  <assembly name="C:\Users\acurca\OneDrive - ENDAVA\Documents\GitHub\ProiectDotNet\Backend\InfrastructureTest\bin\Debug\net6.0\InfrastructureTest.dll" run-date="2021-12-03" run-time="19:46:46" total="7" passed="7" failed="0" skipped="0" time="7.969" errors="0">
    <errors />
    <collection total="2" passed="2" failed="0" skipped="0" name="Test collection for InfrastructureTest.DataBaseTestsDir.DeleteTweetTests" time="4.385">
      <test name="InfrastructureTest.DataBaseTestsDir.DeleteTweetTests.DeleteTweetTest" type="InfrastructureTest.DataBaseTestsDir.DeleteTweetTests" method="DeleteTweetTest" time="3.8411301" result="Pass">
        <traits />
      </test>
      <test name="InfrastructureTest.DataBaseTestsDir.DeleteTweetTests.DeleteTweetIncorrectTest" type="InfrastructureTest.DataBaseTestsDir.DeleteTweetTests" method="DeleteTweetIncorrectTest" time="0.5436254" result="Pass">
        <traits />
      </test>
    </collection>
    <collection total="2" passed="2" failed="0" skipped="0" name="Test collection for InfrastructureTest.DataBaseTestsDir.TweetTest" time="4.263">
      <test name="InfrastructureTest.DataBaseTestsDir.TweetTest.AddAsyncTest" type="InfrastructureTest.DataBaseTestsDir.TweetTest" method="AddAsyncTest" time="3.6962684" result="Pass">
        <traits />
      </test>
      <test name="InfrastructureTest.DataBaseTestsDir.TweetTest.AddAsyncIncorrectTest" type="InfrastructureTest.DataBaseTestsDir.TweetTest" method="AddAsyncIncorrectTest" time="0.5663497" result="Pass">
        <traits />
      </test>
    </collection>
    <collection total="2" passed="2" failed="0" skipped="0" name="Test collection for InfrastructureTest.DataBaseTestsDir.UpdateTweetTests" time="5.351">
      <test name="InfrastructureTest.DataBaseTestsDir.UpdateTweetTests.UpdateTweetIncorrectTest" type="InfrastructureTest.DataBaseTestsDir.UpdateTweetTests" method="UpdateTweetIncorrectTest" time="4.6920527" result="Pass">
        <traits />
      </test>
      <test name="InfrastructureTest.DataBaseTestsDir.UpdateTweetTests.UpdateTweetTest" type="InfrastructureTest.DataBaseTestsDir.UpdateTweetTests" method="UpdateTweetTest" time="0.6592197" result="Pass">
        <traits />
      </test>
    </collection>
    <collection total="1" passed="1" failed="0" skipped="0" name="Test collection for InfrastructureTest.ExternalTwitterAPITestsDir.GetExternalTweetTests" time="0.816">
      <test name="InfrastructureTest.ExternalTwitterAPITestsDir.GetExternalTweetTests.GetExternalTweetTest" type="InfrastructureTest.ExternalTwitterAPITestsDir.GetExternalTweetTests" method="GetExternalTweetTest" time="0.8159269" result="Pass">
        <traits />
      </test>
    </collection>
  </assembly>
</assemblies>