<assemblies timestamp="12/03/2021 19:46:46">
  <assembly name="C:\Users\acurca\OneDrive - ENDAVA\Documents\GitHub\ProiectDotNet\Backend\ApiTest\bin\Debug\net6.0\ApiTest.dll" run-date="2021-12-03" run-time="19:46:46" total="1" passed="1" failed="0" skipped="0" time="3.569" errors="0">
    <errors />
    <collection total="1" passed="1" failed="0" skipped="0" name="Test collection for ApiTest.ControllerTestsDir.TweetsControllerTests" time="0.582">
      <test name="ApiTest.ControllerTestsDir.TweetsControllerTests.GetOneTweetTest" type="ApiTest.ControllerTestsDir.TweetsControllerTests" method="GetOneTweetTest" time="0.5822613" result="Pass">
        <traits />
      </test>
    </collection>
  </assembly>
</assemblies>